Copyright 1986-2022 Xilinx, Inc. All Rights Reserved. Copyright 2022-2023 Advanced Micro Devices, Inc. All Rights Reserved.
--------------------------------------------------------------------------------------------------------------------------------------------------
| Tool Version      : Vivado v.2023.2 (win64) Build 4029153 Fri Oct 13 20:14:34 MDT 2023
| Date              : Tue Dec  9 00:03:22 2025
| Host              : DESKTOP-1ORS7G9 running 64-bit major release  (build 9200)
| Command           : report_timing_summary -file timing_summary.rpt
| Design            : forward
| Device            : xcvu37p-fsvh2892
| Speed File        : -2L  PRODUCTION 1.30 05-01-2022
| Design State      : Routed
| Temperature Grade : E
--------------------------------------------------------------------------------------------------------------------------------------------------

Timing Summary Report

------------------------------------------------------------------------------------------------
| Timer Settings
| --------------
------------------------------------------------------------------------------------------------

  Enable Multi Corner Analysis               :  Yes
  Enable Pessimism Removal                   :  Yes
  Pessimism Removal Resolution               :  Nearest Common Node
  Enable Input Delay Default Clock           :  No
  Enable Preset / Clear Arcs                 :  No
  Disable Flight Delays                      :  No
  Ignore I/O Paths                           :  No
  Timing Early Launch at Borrowing Latches   :  No
  Borrow Time for Max Delay Exceptions       :  Yes
  Merge Timing Exceptions                    :  Yes
  Inter-SLR Compensation                     :  Conservative

  Corner  Analyze    Analyze    
  Name    Max Paths  Min Paths  
  ------  ---------  ---------  
  Slow    Yes        Yes        
  Fast    Yes        Yes        


------------------------------------------------------------------------------------------------
| Report Methodology
| ------------------
------------------------------------------------------------------------------------------------

No report available as report_methodology has not been run prior. Run report_methodology on the current design for the summary of methodology violations.



check_timing report

Table of Contents
-----------------
1. checking no_clock (0)
2. checking constant_clock (0)
3. checking pulse_width_clock (0)
4. checking unconstrained_internal_endpoints (0)
5. checking no_input_delay (1058)
6. checking no_output_delay (3764)
7. checking multiple_clock (0)
8. checking generated_clocks (0)
9. checking loops (0)
10. checking partial_input_delay (0)
11. checking partial_output_delay (0)
12. checking latch_loops (0)

1. checking no_clock (0)
------------------------
 There are 0 register/latch pins with no clock.


2. checking constant_clock (0)
------------------------------
 There are 0 register/latch pins with constant_clock.


3. checking pulse_width_clock (0)
---------------------------------
 There are 0 register/latch pins which need pulse_width check


4. checking unconstrained_internal_endpoints (0)
------------------------------------------------
 There are 0 pins that are not constrained for maximum delay.

 There are 0 pins that are not constrained for maximum delay due to constant clock.


5. checking no_input_delay (1058)
---------------------------------
 There are 1058 input ports with no input delay specified. (HIGH)

 There are 0 input ports with no input delay but user has a false path constraint.


6. checking no_output_delay (3764)
----------------------------------
 There are 3764 ports with no output delay specified. (HIGH)

 There are 0 ports with no output delay but user has a false path constraint

 There are 0 ports with no output delay but with a timing clock defined on it or propagating through it


7. checking multiple_clock (0)
------------------------------
 There are 0 register/latch pins with multiple clocks.


8. checking generated_clocks (0)
--------------------------------
 There are 0 generated clocks that are not connected to a clock source.


9. checking loops (0)
---------------------
 There are 0 combinational loops in the design.


10. checking partial_input_delay (0)
------------------------------------
 There are 0 input ports with partial input delay specified.


11. checking partial_output_delay (0)
-------------------------------------
 There are 0 ports with partial output delay specified.


12. checking latch_loops (0)
----------------------------
 There are 0 combinational latch loops in the design through latch input



------------------------------------------------------------------------------------------------
| Design Timing Summary
| ---------------------
------------------------------------------------------------------------------------------------

    WNS(ns)      TNS(ns)  TNS Failing Endpoints  TNS Total Endpoints      WHS(ns)      THS(ns)  THS Failing Endpoints  THS Total Endpoints     WPWS(ns)     TPWS(ns)  TPWS Failing Endpoints  TPWS Total Endpoints  
    -------      -------  ---------------------  -------------------      -------      -------  ---------------------  -------------------     --------     --------  ----------------------  --------------------  
     -0.874      -26.849                     54               136154       -0.100     -283.454                   3683               136154        3.468        0.000                       0                 53021  


Timing constraints are not met.


------------------------------------------------------------------------------------------------
| Clock Summary
| -------------
------------------------------------------------------------------------------------------------

Clock   Waveform(ns)         Period(ns)      Frequency(MHz)
-----   ------------         ----------      --------------
ap_clk  {0.000 4.000}        8.000           125.000         


------------------------------------------------------------------------------------------------
| Intra Clock Table
| -----------------
------------------------------------------------------------------------------------------------

Clock             WNS(ns)      TNS(ns)  TNS Failing Endpoints  TNS Total Endpoints      WHS(ns)      THS(ns)  THS Failing Endpoints  THS Total Endpoints     WPWS(ns)     TPWS(ns)  TPWS Failing Endpoints  TPWS Total Endpoints  
-----             -------      -------  ---------------------  -------------------      -------      -------  ---------------------  -------------------     --------     --------  ----------------------  --------------------  
ap_clk             -0.874      -26.849                     54               136154       -0.100     -283.454                   3683               136154        3.468        0.000                       0                 53021  


------------------------------------------------------------------------------------------------
| Inter Clock Table
| -----------------
------------------------------------------------------------------------------------------------

From Clock    To Clock          WNS(ns)      TNS(ns)  TNS Failing Endpoints  TNS Total Endpoints      WHS(ns)      THS(ns)  THS Failing Endpoints  THS Total Endpoints  
----------    --------          -------      -------  ---------------------  -------------------      -------      -------  ---------------------  -------------------  


------------------------------------------------------------------------------------------------
| Other Path Groups Table
| -----------------------
------------------------------------------------------------------------------------------------

Path Group    From Clock    To Clock          WNS(ns)      TNS(ns)  TNS Failing Endpoints  TNS Total Endpoints      WHS(ns)      THS(ns)  THS Failing Endpoints  THS Total Endpoints  
----------    ----------    --------          -------      -------  ---------------------  -------------------      -------      -------  ---------------------  -------------------  


------------------------------------------------------------------------------------------------
| Timing Details
| --------------
------------------------------------------------------------------------------------------------


---------------------------------------------------------------------------------------------------
From Clock:  ap_clk
  To Clock:  ap_clk

Setup :           54  Failing Endpoints,  Worst Slack       -0.874ns,  Total Violation      -26.849ns
Hold  :         3683  Failing Endpoints,  Worst Slack       -0.100ns,  Total Violation     -283.454ns
PW    :            0  Failing Endpoints,  Worst Slack        3.468ns,  Total Violation        0.000ns
---------------------------------------------------------------------------------------------------


Max Delay Paths
--------------------------------------------------------------------------------------
Slack (VIOLATED) :        -0.874ns  (required time - arrival time)
  Source:                 grp_forward_node68_fu_734/loop_dataflow_output_count_reg[4]/C
                            (rising edge-triggered cell FDRE clocked by ap_clk  {rise@0.000ns fall@4.000ns period=8.000ns})
  Destination:            grp_forward_node68_fu_734/loop_dataflow_output_count_reg[13]/R
                            (rising edge-triggered cell FDRE clocked by ap_clk  {rise@0.000ns fall@4.000ns period=8.000ns})
  Path Group:             ap_clk
  Path Type:              Setup (Max at Slow Process Corner)
  Requirement:            8.000ns  (ap_clk rise@8.000ns - ap_clk rise@0.000ns)
  Data Path Delay:        8.553ns  (logic 0.614ns (7.179%)  route 7.939ns (92.821%))
  Logic Levels:           7  (LUT4=1 LUT5=2 LUT6=4)
  Clock Path Skew:        -0.009ns (DCD - SCD + CPR)
    Destination Clock Delay (DCD):    0.020ns = ( 8.020 - 8.000 ) 
    Source Clock Delay      (SCD):    0.029ns
    Clock Pessimism Removal (CPR):    0.000ns
  Clock Uncertainty:      0.235ns  ((TSJ^2 + TIJ^2)^1/2 + DJ) / 2 + PE + UU
    Total System Jitter     (TSJ):    0.071ns
    Total Input Jitter      (TIJ):    0.000ns
    Discrete Jitter          (DJ):    0.000ns
    Phase Error              (PE):    0.000ns
    User Uncertainty         (UU):    0.200ns
  Inter-SLR Compensation: 0.003ns  (DCD * PF)
    Destination Clock Delay (DCD):    0.020ns
    Prorating Factor         (PF):    0.150

    Location             Delay type                Incr(ns)  Path(ns)    PBlock               Netlist Resource(s)
  -------------------------------------------------------------------    ----------------------------------------
                         (clock ap_clk rise edge)     0.000     0.000 r                       
                                                      0.000     0.000 r                       ap_clk (IN)
                         net (fo=55268, unset)        0.029     0.029                         grp_forward_node68_fu_734/ap_clk
    SLICE_X165Y298       FDRE                                         r                       grp_forward_node68_fu_734/loop_dataflow_output_count_reg[4]/C
  -------------------------------------------------------------------    ----------------------------------------
    SLICE_X165Y298       FDRE (Prop_GFF2_SLICEL_C_Q)
                                                      0.081     0.110 r                       grp_forward_node68_fu_734/loop_dataflow_output_count_reg[4]/Q
                         net (fo=2, routed)           1.062     1.172                         grp_forward_node68_fu_734/dataflow_in_loop_VITIS_LOOP_1971_1_U0/dataflow_in_loop_VITIS_LOOP_1971_1_Loop_VITIS_LOOP_1828_1_proc126_U0/loop_dataflow_output_count_reg[4]
    SLR Crossing[1->0]   
    SLICE_X163Y239       LUT4 (Prop_A6LUT_SLICEL_I3_O)
                                                      0.050     1.222 f  pblock_partition_0   grp_forward_node68_fu_734/dataflow_in_loop_VITIS_LOOP_1971_1_U0/dataflow_in_loop_VITIS_LOOP_1971_1_Loop_VITIS_LOOP_1828_1_proc126_U0/ap_done_reg_i_6__8/O
                         net (fo=1, routed)           0.056     1.278                         grp_forward_node68_fu_734/dataflow_in_loop_VITIS_LOOP_1971_1_U0/dataflow_in_loop_VITIS_LOOP_1971_1_Loop_VITIS_LOOP_1828_1_proc126_U0/ap_done_reg_i_6__8_n_0
    SLICE_X163Y238       LUT5 (Prop_H6LUT_SLICEL_I4_O)
                                                      0.124     1.402 f  pblock_partition_0   grp_forward_node68_fu_734/dataflow_in_loop_VITIS_LOOP_1971_1_U0/dataflow_in_loop_VITIS_LOOP_1971_1_Loop_VITIS_LOOP_1828_1_proc126_U0/ap_done_reg_i_5__13/O
                         net (fo=1, routed)           0.088     1.490                         grp_forward_node68_fu_734/dataflow_in_loop_VITIS_LOOP_1971_1_U0/dataflow_in_loop_VITIS_LOOP_1971_1_Loop_VITIS_LOOP_1828_1_proc126_U0/ap_done_reg_i_5__13_n_0
    SLICE_X163Y239       LUT6 (Prop_B6LUT_SLICEL_I5_O)
                                                      0.098     1.588 f  pblock_partition_0   grp_forward_node68_fu_734/dataflow_in_loop_VITIS_LOOP_1971_1_U0/dataflow_in_loop_VITIS_LOOP_1971_1_Loop_VITIS_LOOP_1828_1_proc126_U0/ap_done_reg_i_2__75/O
                         net (fo=5, routed)           0.107     1.695                         grp_forward_node68_fu_734/dataflow_in_loop_VITIS_LOOP_1971_1_U0/dataflow_in_loop_VITIS_LOOP_1971_1_Loop_VITIS_LOOP_1828_1_proc126_U0/grp_dataflow_in_loop_VITIS_LOOP_1971_1_Loop_VITIS_LOOP_1828_1_proc126_Pipeline_VITIS_fu_64/flow_control_loop_pipe_sequential_init_U/ap_sync_reg_grp_forward_node68_fu_734_ap_done_reg_0
    SLICE_X163Y239       LUT5 (Prop_D6LUT_SLICEL_I1_O)
                                                      0.122     1.817 r  pblock_partition_0   grp_forward_node68_fu_734/dataflow_in_loop_VITIS_LOOP_1971_1_U0/dataflow_in_loop_VITIS_LOOP_1971_1_Loop_VITIS_LOOP_1828_1_proc126_U0/grp_dataflow_in_loop_VITIS_LOOP_1971_1_Loop_VITIS_LOOP_1828_1_proc126_Pipeline_VITIS_fu_64/flow_control_loop_pipe_sequential_init_U/ap_done_reg_i_38/O
                         net (fo=1, routed)           1.889     3.706                         grp_forward_node75_fu_720/dataflow_in_loop_VITIS_LOOP_2164_1_U0/dataflow_in_loop_VITIS_LOOP_2164_1_Loop_VITIS_LOOP_2015_1_proc119_U0/grp_dataflow_in_loop_VITIS_LOOP_2164_1_Loop_VITIS_LOOP_2015_1_proc119_Pipeline_VITIS_fu_64/flow_control_loop_pipe_sequential_init_U/ap_block_state2_on_subcall_done15_alias
    SLR Crossing[0->1]   
    SLICE_X164Y419       LUT6 (Prop_D6LUT_SLICEM_I5_O)
                                                      0.037     3.743 f  pblock_partition_1   grp_forward_node75_fu_720/dataflow_in_loop_VITIS_LOOP_2164_1_U0/dataflow_in_loop_VITIS_LOOP_2164_1_Loop_VITIS_LOOP_2015_1_proc119_U0/grp_dataflow_in_loop_VITIS_LOOP_2164_1_Loop_VITIS_LOOP_2015_1_proc119_Pipeline_VITIS_fu_64/flow_control_loop_pipe_sequential_init_U/ap_done_reg_i_31_comp/O
                         net (fo=2, routed)           0.906     4.649                         grp_forward_node6_fu_864/dataflow_in_loop_VITIS_LOOP_349_1_U0/dataflow_in_loop_VITIS_LOOP_349_1_Loop_VITIS_LOOP_204_1_proc_U0/grp_dataflow_in_loop_VITIS_LOOP_349_1_Loop_VITIS_LOOP_204_1_proc_Pipeline_VITIS_LOOP_fu_60/flow_control_loop_pipe_sequential_init_U/ap_done_reg_i_9_2
    SLR Crossing[1->2]   
    SLICE_X166Y480       LUT6 (Prop_C6LUT_SLICEM_I5_O)
                                                      0.051     4.700 f  pblock_partition_2   grp_forward_node6_fu_864/dataflow_in_loop_VITIS_LOOP_349_1_U0/dataflow_in_loop_VITIS_LOOP_349_1_Loop_VITIS_LOOP_204_1_proc_U0/grp_dataflow_in_loop_VITIS_LOOP_349_1_Loop_VITIS_LOOP_204_1_proc_Pipeline_VITIS_LOOP_fu_60/flow_control_loop_pipe_sequential_init_U/ap_done_reg_i_9_comp/O
                         net (fo=1, routed)           2.696     7.396                         grp_forward_node68_fu_734/dataflow_in_loop_VITIS_LOOP_1971_1_U0/dataflow_in_loop_VITIS_LOOP_1971_1_Loop_VITIS_LOOP_1828_1_proc126_U0/grp_dataflow_in_loop_VITIS_LOOP_1971_1_Loop_VITIS_LOOP_1828_1_proc126_Pipeline_VITIS_fu_64/flow_control_loop_pipe_sequential_init_U/ap_sync_reg_grp_forward_node21_fu_828_ap_done_reg_alias
    SLR Crossing[2->0]   
    SLICE_X166Y239       LUT6 (Prop_D6LUT_SLICEM_I4_O)
                                                      0.051     7.447 r  pblock_partition_0   grp_forward_node68_fu_734/dataflow_in_loop_VITIS_LOOP_1971_1_U0/dataflow_in_loop_VITIS_LOOP_1971_1_Loop_VITIS_LOOP_1828_1_proc126_U0/grp_dataflow_in_loop_VITIS_LOOP_1971_1_Loop_VITIS_LOOP_1828_1_proc126_Pipeline_VITIS_fu_64/flow_control_loop_pipe_sequential_init_U/loop_dataflow_output_count[0]_i_1__15_comp/O
                         net (fo=23, routed)          1.135     8.582                         grp_forward_node68_fu_734/dataflow_in_loop_VITIS_LOOP_1971_1_U0_n_150
    SLR Crossing[0->1]   
    SLICE_X163Y300       FDRE                                         r                       grp_forward_node68_fu_734/loop_dataflow_output_count_reg[13]/R
  -------------------------------------------------------------------    ----------------------------------------

                         (clock ap_clk rise edge)     8.000     8.000 r                       
                                                      0.000     8.000 r                       ap_clk (IN)
                         net (fo=55268, unset)        0.020     8.020                         grp_forward_node68_fu_734/ap_clk
    SLICE_X163Y300       FDRE                                         r                       grp_forward_node68_fu_734/loop_dataflow_output_count_reg[13]/C
                         clock pessimism              0.000     8.020                           
                         inter-SLR compensation      -0.003     8.017                           
                         clock uncertainty           -0.235     7.782                           
    SLICE_X163Y300       FDRE (Setup_HFF2_SLICEL_C_R)
                                                     -0.074     7.708                           grp_forward_node68_fu_734/loop_dataflow_output_count_reg[13]
  -------------------------------------------------------------------
                         required time                          7.708                           
                         arrival time                          -8.582                           
  -------------------------------------------------------------------
                         slack                                 -0.874                           





Min Delay Paths
--------------------------------------------------------------------------------------
Slack (VIOLATED) :        -0.100ns  (arrival time - required time)
  Source:                 grp_forward_node156_fu_532/dataflow_in_loop_VITIS_LOOP_4352_1_U0/dataflow_in_loop_VITIS_LOOP_4352_1_Loop_VITIS_LOOP_4311_1_proc41_U0/tmp_reg_165_reg/DSP_A_B_DATA_INST/CLK
                            (rising edge-triggered cell DSP_A_B_DATA clocked by ap_clk  {rise@0.000ns fall@4.000ns period=8.000ns})
  Destination:            grp_forward_node156_fu_532/dataflow_in_loop_VITIS_LOOP_4352_1_U0/dataflow_in_loop_VITIS_LOOP_4352_1_Loop_VITIS_LOOP_4311_1_proc41_U0/tmp_reg_165_reg/DSP_M_DATA_INST/U[10]
                            (rising edge-triggered cell DSP_M_DATA clocked by ap_clk  {rise@0.000ns fall@4.000ns period=8.000ns})
  Path Group:             ap_clk
  Path Type:              Hold (Min at Fast Process Corner)
  Requirement:            0.000ns  (ap_clk rise@0.000ns - ap_clk rise@0.000ns)
  Data Path Delay:        0.174ns  (logic 0.174ns (100.000%)  route 0.000ns (0.000%))
  Logic Levels:           2  (DSP_MULTIPLIER=1 DSP_PREADD_DATA=1)
  Clock Path Skew:        0.011ns (DCD - SCD - CPR)
    Destination Clock Delay (DCD):    0.041ns
    Source Clock Delay      (SCD):    0.030ns
    Clock Pessimism Removal (CPR):    -0.000ns
  Clock Uncertainty:      0.200ns  ((TSJ^2 + TIJ^2)^1/2 + DJ) / 2 + PE + UU
    Total System Jitter     (TSJ):    0.000ns
    Total Input Jitter      (TIJ):    0.000ns
    Discrete Jitter          (DJ):    0.000ns
    Phase Error              (PE):    0.000ns
    User Uncertainty         (UU):    0.200ns

    Location             Delay type                Incr(ns)  Path(ns)    Netlist Resource(s)
  -------------------------------------------------------------------    -------------------
                         (clock ap_clk rise edge)     0.000     0.000 r  
                                                      0.000     0.000 r  ap_clk (IN)
                         net (fo=55268, unset)        0.030     0.030    grp_forward_node156_fu_532/dataflow_in_loop_VITIS_LOOP_4352_1_U0/dataflow_in_loop_VITIS_LOOP_4352_1_Loop_VITIS_LOOP_4311_1_proc41_U0/tmp_reg_165_reg/CLK
    DSP48E2_X25Y138      DSP_A_B_DATA                                 r  grp_forward_node156_fu_532/dataflow_in_loop_VITIS_LOOP_4352_1_U0/dataflow_in_loop_VITIS_LOOP_4352_1_Loop_VITIS_LOOP_4311_1_proc41_U0/tmp_reg_165_reg/DSP_A_B_DATA_INST/CLK
  -------------------------------------------------------------------    -------------------
    DSP48E2_X25Y138      DSP_A_B_DATA (Prop_DSP_A_B_DATA_DSP48E2_CLK_A2_DATA[9])
                                                      0.089     0.119 r  grp_forward_node156_fu_532/dataflow_in_loop_VITIS_LOOP_4352_1_U0/dataflow_in_loop_VITIS_LOOP_4352_1_Loop_VITIS_LOOP_4311_1_proc41_U0/tmp_reg_165_reg/DSP_A_B_DATA_INST/A2_DATA[9]
                         net (fo=1, routed)           0.000     0.119    grp_forward_node156_fu_532/dataflow_in_loop_VITIS_LOOP_4352_1_U0/dataflow_in_loop_VITIS_LOOP_4352_1_Loop_VITIS_LOOP_4311_1_proc41_U0/tmp_reg_165_reg/DSP_A_B_DATA.A2_DATA<9>
    DSP48E2_X25Y138      DSP_PREADD_DATA (Prop_DSP_PREADD_DATA_DSP48E2_A2_DATA[9]_A2A1[9])
                                                      0.019     0.138 r  grp_forward_node156_fu_532/dataflow_in_loop_VITIS_LOOP_4352_1_U0/dataflow_in_loop_VITIS_LOOP_4352_1_Loop_VITIS_LOOP_4311_1_proc41_U0/tmp_reg_165_reg/DSP_PREADD_DATA_INST/A2A1[9]
                         net (fo=1, routed)           0.000     0.138    grp_forward_node156_fu_532/dataflow_in_loop_VITIS_LOOP_4352_1_U0/dataflow_in_loop_VITIS_LOOP_4352_1_Loop_VITIS_LOOP_4311_1_proc41_U0/tmp_reg_165_reg/DSP_PREADD_DATA.A2A1<9>
    DSP48E2_X25Y138      DSP_MULTIPLIER (Prop_DSP_MULTIPLIER_DSP48E2_A2A1[9]_U[10])
                                                      0.066     0.204 r  grp_forward_node156_fu_532/dataflow_in_loop_VITIS_LOOP_4352_1_U0/dataflow_in_loop_VITIS_LOOP_4352_1_Loop_VITIS_LOOP_4311_1_proc41_U0/tmp_reg_165_reg/DSP_MULTIPLIER_INST/U[10]
                         net (fo=1, routed)           0.000     0.204    grp_forward_node156_fu_532/dataflow_in_loop_VITIS_LOOP_4352_1_U0/dataflow_in_loop_VITIS_LOOP_4352_1_Loop_VITIS_LOOP_4311_1_proc41_U0/tmp_reg_165_reg/DSP_MULTIPLIER.U<10>
    DSP48E2_X25Y138      DSP_M_DATA                                   r  grp_forward_node156_fu_532/dataflow_in_loop_VITIS_LOOP_4352_1_U0/dataflow_in_loop_VITIS_LOOP_4352_1_Loop_VITIS_LOOP_4311_1_proc41_U0/tmp_reg_165_reg/DSP_M_DATA_INST/U[10]
  -------------------------------------------------------------------    -------------------

                         (clock ap_clk rise edge)     0.000     0.000 r  
                                                      0.000     0.000 r  ap_clk (IN)
                         net (fo=55268, unset)        0.041     0.041    grp_forward_node156_fu_532/dataflow_in_loop_VITIS_LOOP_4352_1_U0/dataflow_in_loop_VITIS_LOOP_4352_1_Loop_VITIS_LOOP_4311_1_proc41_U0/tmp_reg_165_reg/CLK
    DSP48E2_X25Y138      DSP_M_DATA                                   r  grp_forward_node156_fu_532/dataflow_in_loop_VITIS_LOOP_4352_1_U0/dataflow_in_loop_VITIS_LOOP_4352_1_Loop_VITIS_LOOP_4311_1_proc41_U0/tmp_reg_165_reg/DSP_M_DATA_INST/CLK
                         clock pessimism              0.000     0.041    
                         clock uncertainty            0.200     0.241    
    DSP48E2_X25Y138      DSP_M_DATA (Hold_DSP_M_DATA_DSP48E2_CLK_U[10])
                                                      0.063     0.304    grp_forward_node156_fu_532/dataflow_in_loop_VITIS_LOOP_4352_1_U0/dataflow_in_loop_VITIS_LOOP_4352_1_Loop_VITIS_LOOP_4311_1_proc41_U0/tmp_reg_165_reg/DSP_M_DATA_INST
  -------------------------------------------------------------------
                         required time                         -0.304    
                         arrival time                           0.204    
  -------------------------------------------------------------------
                         slack                                 -0.100    





Pulse Width Checks
--------------------------------------------------------------------------------------
Clock Name:         ap_clk
Waveform(ns):       { 0.000 4.000 }
Period(ns):         8.000
Sources:            { ap_clk }

Check Type        Corner  Lib Pin      Reference Pin  Required(ns)  Actual(ns)  Slack(ns)  Location        Pin
Min Period        n/a     RAMD64E/CLK  n/a            1.064         8.000       6.936      SLICE_X157Y364  grp_forward_node0_fu_894/dataflow_in_loop_VITIS_LOOP_102_1_U0/dataflow_in_loop_VITIS_LOOP_102_1_Loop_VITIS_LOOP_31_1_proc_U0/v46_1_U/ram_reg_0_63_0_6/RAMA/CLK
Low Pulse Width   Slow    RAMD64E/CLK  n/a            0.532         4.000       3.468      SLICE_X157Y364  grp_forward_node0_fu_894/dataflow_in_loop_VITIS_LOOP_102_1_U0/dataflow_in_loop_VITIS_LOOP_102_1_Loop_VITIS_LOOP_31_1_proc_U0/v46_1_U/ram_reg_0_63_0_6/RAMA/CLK
High Pulse Width  Slow    RAMD64E/CLK  n/a            0.532         4.000       3.468      SLICE_X157Y364  grp_forward_node0_fu_894/dataflow_in_loop_VITIS_LOOP_102_1_U0/dataflow_in_loop_VITIS_LOOP_102_1_Loop_VITIS_LOOP_31_1_proc_U0/v46_1_U/ram_reg_0_63_0_6/RAMA/CLK



