Copyright 1986-2022 Xilinx, Inc. All Rights Reserved. Copyright 2022-2023 Advanced Micro Devices, Inc. All Rights Reserved.
---------------------------------------------------------------------------------------------------------------------------------------------
| Tool Version : Vivado v.2023.2 (win64) Build 4029153 Fri Oct 13 20:14:34 MDT 2023
| Date         : Tue Dec  9 00:02:47 2025
| Host         : DESKTOP-1ORS7G9 running 64-bit major release  (build 9200)
| Command      : report_utilization -slr -file utilization_slr.rpt
| Design       : forward
| Device       : xcvu37p-fsvh2892-2L-e
| Speed File   : -2L
| Design State : Routed
---------------------------------------------------------------------------------------------------------------------------------------------

Utilization Design Information

Table of Contents
-----------------
1. SLR Connectivity
2. SLR Connectivity Matrix
3. SLR CLB Logic and Dedicated Block Utilization
4. SLR IO Utilization

1. SLR Connectivity
-------------------

+----------------------------------+------+-------+-----------+-------+
|                                  | Used | Fixed | Available | Util% |
+----------------------------------+------+-------+-----------+-------+
| SLR2 <-> SLR1                    |  131 |       |     23040 |  0.57 |
|   SLR1 -> SLR2                   |   84 |       |           |  0.36 |
|     Using TX_REG only            |    0 |     0 |           |       |
|     Using RX_REG only            |    0 |     0 |           |       |
|     Using Both TX_REG and RX_REG |    0 |     0 |           |       |
|   SLR2 -> SLR1                   |   47 |       |           |  0.20 |
|     Using TX_REG only            |    0 |     0 |           |       |
|     Using RX_REG only            |    0 |     0 |           |       |
|     Using Both TX_REG and RX_REG |    0 |     0 |           |       |
| SLR1 <-> SLR0                    |  147 |       |     23040 |  0.64 |
|   SLR0 -> SLR1                   |   42 |       |           |  0.18 |
|     Using TX_REG only            |    0 |     0 |           |       |
|     Using RX_REG only            |    0 |     0 |           |       |
|     Using Both TX_REG and RX_REG |    0 |     0 |           |       |
|   SLR1 -> SLR0                   |  105 |       |           |  0.46 |
|     Using TX_REG only            |    0 |     0 |           |       |
|     Using RX_REG only            |    0 |     0 |           |       |
|     Using Both TX_REG and RX_REG |    0 |     0 |           |       |
+----------------------------------+------+-------+-----------+-------+
| Total SLLs Used                  |  278 |       |           |       |
+----------------------------------+------+-------+-----------+-------+


2. SLR Connectivity Matrix
--------------------------

+-----------+------+------+------+
| FROM \ TO | SLR2 | SLR1 | SLR0 |
+-----------+------+------+------+
| SLR2      |    0 |   44 |    3 |
| SLR1      |   78 |    0 |  102 |
| SLR0      |    6 |   36 |    0 |
+-----------+------+------+------+


3. SLR CLB Logic and Dedicated Block Utilization
------------------------------------------------

+----------------------------+------+-------+-------+--------+--------+--------+
|          Site Type         | SLR0 |  SLR1 |  SLR2 | SLR0 % | SLR1 % | SLR2 % |
+----------------------------+------+-------+-------+--------+--------+--------+
| CLB                        | 1639 |  4887 |  2865 |   2.98 |   9.05 |   5.31 |
|   CLBL                     |  885 |  2601 |  1588 |   3.02 |   8.88 |   5.42 |
|   CLBM                     |  754 |  2286 |  1277 |   2.94 |   9.25 |   5.17 |
| CLB LUTs                   | 7082 | 21371 | 12327 |   1.61 |   4.95 |   2.85 |
|   LUT as Logic             | 6484 | 18767 | 11034 |   1.47 |   4.34 |   2.55 |
|     using O5 output only   |  147 |   428 |   227 |   0.03 |   0.10 |   0.05 |
|     using O6 output only   | 4265 | 11723 |  6977 |   0.97 |   2.71 |   1.62 |
|     using O5 and O6        | 2072 |  6616 |  3830 |   0.47 |   1.53 |   0.89 |
|   LUT as Memory            |  598 |  2604 |  1293 |   0.29 |   1.32 |   0.65 |
|     LUT as Distributed RAM |  576 |  2528 |  1240 |   0.28 |   1.28 |   0.63 |
|       using O5 output only |    0 |     0 |     0 |   0.00 |   0.00 |   0.00 |
|       using O6 output only |    0 |   240 |     0 |   0.00 |   0.12 |   0.00 |
|       using O5 and O6      |  576 |  2288 |  1240 |   0.28 |   1.16 |   0.63 |
|     LUT as Shift Register  |   22 |    76 |    53 |   0.01 |   0.04 |   0.03 |
|       using O5 output only |    0 |     0 |     0 |   0.00 |   0.00 |   0.00 |
|       using O6 output only |   22 |    61 |    53 |   0.01 |   0.03 |   0.03 |
|       using O5 and O6      |    0 |    15 |     0 |   0.00 |  <0.01 |   0.00 |
| CLB Registers              | 7817 | 22416 | 13992 |   0.89 |   2.59 |   1.62 |
| CARRY8                     |  308 |   914 |   445 |   0.56 |   1.69 |   0.82 |
| F7 Muxes                   |   72 |   161 |    48 |   0.03 |   0.07 |   0.02 |
| F8 Muxes                   |    0 |    16 |     0 |   0.00 |   0.01 |   0.00 |
| F9 Muxes                   |    0 |     0 |     0 |   0.00 |   0.00 |   0.00 |
| Block RAM Tile             |    0 |     0 |     0 |   0.00 |   0.00 |   0.00 |
|   RAMB36/FIFO              |    0 |     0 |     0 |   0.00 |   0.00 |   0.00 |
|   RAMB18                   |    0 |     0 |     0 |   0.00 |   0.00 |   0.00 |
| URAM                       |    0 |     0 |     0 |   0.00 |   0.00 |   0.00 |
| DSPs                       |   88 |   229 |   185 |   3.06 |   7.45 |   6.02 |
| Unique Control Sets        |  535 |  1655 |   926 |   0.49 |   1.53 |   0.86 |
+----------------------------+------+-------+-------+--------+--------+--------+
* Note: Available Control Sets based on CLB Registers / 8


4. SLR IO Utilization
---------------------

+-----------+-----------+---------+------------+----------+------------+----------+-----+
| SLR Index | Used IOBs | (%)IOBs | Used IPADs | (%)IPADs | Used OPADs | (%)OPADs | GTs |
+-----------+-----------+---------+------------+----------+------------+----------+-----+
| SLR2      |         0 |    0.00 |          0 |     0.00 |          0 |     0.00 |   0 |
| SLR1      |         0 |    0.00 |          0 |     0.00 |          0 |     0.00 |   0 |
| SLR0      |         0 |    0.00 |          0 |     0.00 |          0 |     0.00 |   0 |
+-----------+-----------+---------+------------+----------+------------+----------+-----+
| Total     |         0 |         |          0 |          |          0 |          |   0 |
+-----------+-----------+---------+------------+----------+------------+----------+-----+


