Copyright 1986-2022 Xilinx, Inc. All Rights Reserved. Copyright 2022-2023 Advanced Micro Devices, Inc. All Rights Reserved.
--------------------------------------------------------------------------------------------------------------------------------------------------
| Tool Version      : Vivado v.2023.2 (win64) Build 4029153 Fri Oct 13 20:14:34 MDT 2023
| Date              : Sun Dec  7 04:08:03 2025
| Host              : DESKTOP-1ORS7G9 running 64-bit major release  (build 9200)
| Command           : report_timing_summary -file timing_summary.rpt
| Design            : forward
| Device            : xcvu37p-fsvh2892
| Speed File        : -2L  PRODUCTION 1.30 05-01-2022
| Design State      : Routed
| Temperature Grade : E
--------------------------------------------------------------------------------------------------------------------------------------------------

Timing Summary Report

------------------------------------------------------------------------------------------------
| Timer Settings
| --------------
------------------------------------------------------------------------------------------------

  Enable Multi Corner Analysis               :  Yes
  Enable Pessimism Removal                   :  Yes
  Pessimism Removal Resolution               :  Nearest Common Node
  Enable Input Delay Default Clock           :  No
  Enable Preset / Clear Arcs                 :  No
  Disable Flight Delays                      :  No
  Ignore I/O Paths                           :  No
  Timing Early Launch at Borrowing Latches   :  No
  Borrow Time for Max Delay Exceptions       :  Yes
  Merge Timing Exceptions                    :  Yes
  Inter-SLR Compensation                     :  Conservative

  Corner  Analyze    Analyze    
  Name    Max Paths  Min Paths  
  ------  ---------  ---------  
  Slow    Yes        Yes        
  Fast    Yes        Yes        


------------------------------------------------------------------------------------------------
| Report Methodology
| ------------------
------------------------------------------------------------------------------------------------

No report available as report_methodology has not been run prior. Run report_methodology on the current design for the summary of methodology violations.



check_timing report

Table of Contents
-----------------
1. checking no_clock (0)
2. checking constant_clock (0)
3. checking pulse_width_clock (0)
4. checking unconstrained_internal_endpoints (0)
5. checking no_input_delay (1058)
6. checking no_output_delay (3764)
7. checking multiple_clock (0)
8. checking generated_clocks (0)
9. checking loops (0)
10. checking partial_input_delay (0)
11. checking partial_output_delay (0)
12. checking latch_loops (0)

1. checking no_clock (0)
------------------------
 There are 0 register/latch pins with no clock.


2. checking constant_clock (0)
------------------------------
 There are 0 register/latch pins with constant_clock.


3. checking pulse_width_clock (0)
---------------------------------
 There are 0 register/latch pins which need pulse_width check


4. checking unconstrained_internal_endpoints (0)
------------------------------------------------
 There are 0 pins that are not constrained for maximum delay.

 There are 0 pins that are not constrained for maximum delay due to constant clock.


5. checking no_input_delay (1058)
---------------------------------
 There are 1058 input ports with no input delay specified. (HIGH)

 There are 0 input ports with no input delay but user has a false path constraint.


6. checking no_output_delay (3764)
----------------------------------
 There are 3764 ports with no output delay specified. (HIGH)

 There are 0 ports with no output delay but user has a false path constraint

 There are 0 ports with no output delay but with a timing clock defined on it or propagating through it


7. checking multiple_clock (0)
------------------------------
 There are 0 register/latch pins with multiple clocks.


8. checking generated_clocks (0)
--------------------------------
 There are 0 generated clocks that are not connected to a clock source.


9. checking loops (0)
---------------------
 There are 0 combinational loops in the design.


10. checking partial_input_delay (0)
------------------------------------
 There are 0 input ports with partial input delay specified.


11. checking partial_output_delay (0)
-------------------------------------
 There are 0 ports with partial output delay specified.


12. checking latch_loops (0)
----------------------------
 There are 0 combinational latch loops in the design through latch input



------------------------------------------------------------------------------------------------
| Design Timing Summary
| ---------------------
------------------------------------------------------------------------------------------------

    WNS(ns)      TNS(ns)  TNS Failing Endpoints  TNS Total Endpoints      WHS(ns)      THS(ns)  THS Failing Endpoints  THS Total Endpoints     WPWS(ns)     TPWS(ns)  TPWS Failing Endpoints  TPWS Total Endpoints  
    -------      -------  ---------------------  -------------------      -------      -------  ---------------------  -------------------     --------     --------  ----------------------  --------------------  
     -5.949    -1801.836                    593               136147       -0.100     -283.454                   3683               136147        1.968        0.000                       0                 53020  


Timing constraints are not met.


------------------------------------------------------------------------------------------------
| Clock Summary
| -------------
------------------------------------------------------------------------------------------------

Clock    Waveform(ns)         Period(ns)      Frequency(MHz)
-----    ------------         ----------      --------------
sys_clk  {0.000 2.500}        5.000           200.000         


------------------------------------------------------------------------------------------------
| Intra Clock Table
| -----------------
------------------------------------------------------------------------------------------------

Clock             WNS(ns)      TNS(ns)  TNS Failing Endpoints  TNS Total Endpoints      WHS(ns)      THS(ns)  THS Failing Endpoints  THS Total Endpoints     WPWS(ns)     TPWS(ns)  TPWS Failing Endpoints  TPWS Total Endpoints  
-----             -------      -------  ---------------------  -------------------      -------      -------  ---------------------  -------------------     --------     --------  ----------------------  --------------------  
sys_clk            -5.949    -1801.836                    593               136147       -0.100     -283.454                   3683               136147        1.968        0.000                       0                 53020  


------------------------------------------------------------------------------------------------
| Inter Clock Table
| -----------------
------------------------------------------------------------------------------------------------

From Clock    To Clock          WNS(ns)      TNS(ns)  TNS Failing Endpoints  TNS Total Endpoints      WHS(ns)      THS(ns)  THS Failing Endpoints  THS Total Endpoints  
----------    --------          -------      -------  ---------------------  -------------------      -------      -------  ---------------------  -------------------  


------------------------------------------------------------------------------------------------
| Other Path Groups Table
| -----------------------
------------------------------------------------------------------------------------------------

Path Group    From Clock    To Clock          WNS(ns)      TNS(ns)  TNS Failing Endpoints  TNS Total Endpoints      WHS(ns)      THS(ns)  THS Failing Endpoints  THS Total Endpoints  
----------    ----------    --------          -------      -------  ---------------------  -------------------      -------      -------  ---------------------  -------------------  


------------------------------------------------------------------------------------------------
| Timing Details
| --------------
------------------------------------------------------------------------------------------------


---------------------------------------------------------------------------------------------------
From Clock:  sys_clk
  To Clock:  sys_clk

Setup :          593  Failing Endpoints,  Worst Slack       -5.949ns,  Total Violation    -1801.836ns
Hold  :         3683  Failing Endpoints,  Worst Slack       -0.100ns,  Total Violation     -283.454ns
PW    :            0  Failing Endpoints,  Worst Slack        1.968ns,  Total Violation        0.000ns
---------------------------------------------------------------------------------------------------


Max Delay Paths
--------------------------------------------------------------------------------------
Slack (VIOLATED) :        -5.949ns  (required time - arrival time)
  Source:                 grp_forward_node125_fu_602/loop_dataflow_input_count_reg[11]/C
                            (rising edge-triggered cell FDRE clocked by sys_clk  {rise@0.000ns fall@2.500ns period=5.000ns})
  Destination:            grp_forward_node21_fu_828/loop_dataflow_output_count_reg[16]/R
                            (rising edge-triggered cell FDRE clocked by sys_clk  {rise@0.000ns fall@2.500ns period=5.000ns})
  Path Group:             sys_clk
  Path Type:              Setup (Max at Slow Process Corner)
  Requirement:            4.800ns  (MaxDelay Path 4.800ns)
  Data Path Delay:        10.428ns  (logic 0.434ns (4.162%)  route 9.994ns (95.838%))
  Logic Levels:           8  (LUT3=1 LUT4=1 LUT5=2 LUT6=4)
  Clock Path Skew:        -0.009ns (DCD - SCD + CPR)
    Destination Clock Delay (DCD):    0.020ns
    Source Clock Delay      (SCD):    0.029ns
    Clock Pessimism Removal (CPR):    0.000ns
  Clock Uncertainty:      0.235ns  ((TSJ^2 + TIJ^2)^1/2 + DJ) / 2 + PE + UU
    Total System Jitter     (TSJ):    0.071ns
    Total Input Jitter      (TIJ):    0.000ns
    Discrete Jitter          (DJ):    0.000ns
    Phase Error              (PE):    0.000ns
    User Uncertainty         (UU):    0.200ns
  Inter-SLR Compensation: 0.003ns  (DCD * PF)
    Destination Clock Delay (DCD):    0.020ns
    Prorating Factor         (PF):    0.150
  Timing Exception:       MaxDelay Path 4.800ns

    Location             Delay type                Incr(ns)  Path(ns)    PBlock               Netlist Resource(s)
  -------------------------------------------------------------------    ----------------------------------------
                         (clock sys_clk rise edge)    0.000     0.000 r                       
                                                      0.000     0.000 r                       ap_clk (IN)
                         net (fo=55267, unset)        0.029     0.029                         grp_forward_node125_fu_602/ap_clk
    SLICE_X151Y485       FDRE                                         r                       grp_forward_node125_fu_602/loop_dataflow_input_count_reg[11]/C
  -------------------------------------------------------------------    ----------------------------------------
    SLICE_X151Y485       FDRE (Prop_FFF2_SLICEL_C_Q)
                                                      0.081     0.110 f                       grp_forward_node125_fu_602/loop_dataflow_input_count_reg[11]/Q
                         net (fo=6, routed)           0.202     0.312                         grp_forward_node125_fu_602/dataflow_in_loop_VITIS_LOOP_3562_1_U0/dataflow_in_loop_VITIS_LOOP_3562_1_Loop_VITIS_LOOP_3543_1_proc73_U0/mul_19ns_21ns_39_1_1_U891/loop_dataflow_input_count_reg[11]
    SLICE_X150Y485       LUT4 (Prop_B6LUT_SLICEM_I3_O)
                                                      0.052     0.364 f  pblock_partition_2   grp_forward_node125_fu_602/dataflow_in_loop_VITIS_LOOP_3562_1_U0/dataflow_in_loop_VITIS_LOOP_3562_1_Loop_VITIS_LOOP_3543_1_proc73_U0/mul_19ns_21ns_39_1_1_U891/tmp_product_i_12__7/O
                         net (fo=1, routed)           0.200     0.564                         grp_forward_node125_fu_602/dataflow_in_loop_VITIS_LOOP_3562_1_U0/dataflow_in_loop_VITIS_LOOP_3562_1_Loop_VITIS_LOOP_3543_1_proc73_U0/mul_19ns_21ns_39_1_1_U891/tmp_product_i_12__7_n_0
    SLICE_X150Y484       LUT5 (Prop_E6LUT_SLICEM_I4_O)
                                                      0.037     0.601 f  pblock_partition_2   grp_forward_node125_fu_602/dataflow_in_loop_VITIS_LOOP_3562_1_U0/dataflow_in_loop_VITIS_LOOP_3562_1_Loop_VITIS_LOOP_3543_1_proc73_U0/mul_19ns_21ns_39_1_1_U891/tmp_product_i_11__7/O
                         net (fo=1, routed)           0.040     0.641                         grp_forward_node125_fu_602/dataflow_in_loop_VITIS_LOOP_3562_1_U0/dataflow_in_loop_VITIS_LOOP_3562_1_Loop_VITIS_LOOP_3543_1_proc73_U0/mul_19ns_21ns_39_1_1_U891/tmp_product_i_11__7_n_0
    SLICE_X150Y484       LUT6 (Prop_D6LUT_SLICEM_I5_O)
                                                      0.037     0.678 f  pblock_partition_2   grp_forward_node125_fu_602/dataflow_in_loop_VITIS_LOOP_3562_1_U0/dataflow_in_loop_VITIS_LOOP_3562_1_Loop_VITIS_LOOP_3543_1_proc73_U0/mul_19ns_21ns_39_1_1_U891/tmp_product_i_7__8/O
                         net (fo=3, routed)           0.088     0.766                         grp_forward_node125_fu_602/dataflow_in_loop_VITIS_LOOP_3562_1_U0/dataflow_in_loop_VITIS_LOOP_3562_1_Loop_VITIS_LOOP_3485_1_proc70_U0/grp_dataflow_in_loop_VITIS_LOOP_3562_1_Loop_VITIS_LOOP_3485_1_proc70_Pipeline_VITIS_s_fu_60/flow_control_loop_pipe_sequential_init_U/loop_dataflow_input_count_reg[0]
    SLICE_X150Y485       LUT3 (Prop_E6LUT_SLICEM_I2_O)
                                                      0.037     0.803 r  pblock_partition_2   grp_forward_node125_fu_602/dataflow_in_loop_VITIS_LOOP_3562_1_U0/dataflow_in_loop_VITIS_LOOP_3562_1_Loop_VITIS_LOOP_3485_1_proc70_U0/grp_dataflow_in_loop_VITIS_LOOP_3562_1_Loop_VITIS_LOOP_3485_1_proc70_Pipeline_VITIS_s_fu_60/flow_control_loop_pipe_sequential_init_U/ap_sync_reg_grp_forward_node125_fu_602_ap_ready_i_2/O
                         net (fo=3, routed)           1.802     2.605                         grp_forward_node161_fu_488/dataflow_in_loop_VITIS_LOOP_4499_1_U0/dataflow_in_loop_VITIS_LOOP_4499_1_Loop_VITIS_LOOP_4386_1_proc38_U0/grp_dataflow_in_loop_VITIS_LOOP_4499_1_Loop_VITIS_LOOP_4386_1_proc38_Pipeline_VITIS_s_fu_88/flow_control_loop_pipe_sequential_init_U/grp_forward_node125_fu_602_ap_ready
    SLR Crossing[2->1]   
    SLICE_X152Y316       LUT6 (Prop_B6LUT_SLICEM_I4_O)
                                                      0.052     2.657 f  pblock_partition_1   grp_forward_node161_fu_488/dataflow_in_loop_VITIS_LOOP_4499_1_U0/dataflow_in_loop_VITIS_LOOP_4499_1_Loop_VITIS_LOOP_4386_1_proc38_U0/grp_dataflow_in_loop_VITIS_LOOP_4499_1_Loop_VITIS_LOOP_4386_1_proc38_Pipeline_VITIS_s_fu_88/flow_control_loop_pipe_sequential_init_U/ap_done_reg_i_25/O
                         net (fo=1, routed)           1.077     3.734                         grp_forward_node82_fu_704/dataflow_in_loop_VITIS_LOOP_2390_1_U0/dataflow_in_loop_VITIS_LOOP_2390_1_Loop_VITIS_LOOP_2313_1_proc108_U0/grp_dataflow_in_loop_VITIS_LOOP_2390_1_Loop_VITIS_LOOP_2313_1_proc108_Pipeline_VITIS_fu_62/flow_control_loop_pipe_sequential_init_U/ap_done_reg_i_3__19
    SLR Crossing[1->0]   
    SLICE_X151Y239       LUT6 (Prop_E6LUT_SLICEL_I1_O)
                                                      0.035     3.769 f  pblock_partition_0   grp_forward_node82_fu_704/dataflow_in_loop_VITIS_LOOP_2390_1_U0/dataflow_in_loop_VITIS_LOOP_2390_1_Loop_VITIS_LOOP_2313_1_proc108_U0/grp_dataflow_in_loop_VITIS_LOOP_2390_1_Loop_VITIS_LOOP_2313_1_proc108_Pipeline_VITIS_fu_62/flow_control_loop_pipe_sequential_init_U/ap_done_reg_i_11/O
                         net (fo=2, routed)           2.682     6.451                         grp_forward_node106_fu_658/dataflow_in_loop_VITIS_LOOP_3032_1_U0/dataflow_in_loop_VITIS_LOOP_3032_1_Loop_VITIS_LOOP_2957_1_proc84_U0/grp_dataflow_in_loop_VITIS_LOOP_3032_1_Loop_VITIS_LOOP_2957_1_proc84_Pipeline_VITIS_s_fu_70/flow_control_loop_pipe_sequential_init_U/ap_CS_fsm_reg[2]_4
    SLR Crossing[0->2]   
    SLICE_X150Y480       LUT6 (Prop_E6LUT_SLICEM_I5_O)
                                                      0.052     6.503 r  pblock_partition_2   grp_forward_node106_fu_658/dataflow_in_loop_VITIS_LOOP_3032_1_U0/dataflow_in_loop_VITIS_LOOP_3032_1_Loop_VITIS_LOOP_2957_1_proc84_U0/grp_dataflow_in_loop_VITIS_LOOP_3032_1_Loop_VITIS_LOOP_2957_1_proc84_Pipeline_VITIS_s_fu_70/flow_control_loop_pipe_sequential_init_U/ap_done_reg_i_3__19/O
                         net (fo=51, routed)          2.824     9.328                         grp_forward_node21_fu_828/dataflow_in_loop_VITIS_LOOP_752_1_U0/dataflow_in_loop_VITIS_LOOP_752_1_Loop_VITIS_LOOP_592_1_proc_U0/grp_dataflow_in_loop_VITIS_LOOP_752_1_Loop_VITIS_LOOP_592_1_proc_Pipeline_VITIS_LOOP_fu_60/flow_control_loop_pipe_sequential_init_U/grp_forward_node106_fu_658_ap_continue
    SLR Crossing[2->0]   
    SLICE_X150Y239       LUT5 (Prop_D6LUT_SLICEM_I3_O)
                                                      0.051     9.379 r  pblock_partition_0   grp_forward_node21_fu_828/dataflow_in_loop_VITIS_LOOP_752_1_U0/dataflow_in_loop_VITIS_LOOP_752_1_Loop_VITIS_LOOP_592_1_proc_U0/grp_dataflow_in_loop_VITIS_LOOP_752_1_Loop_VITIS_LOOP_592_1_proc_Pipeline_VITIS_LOOP_fu_60/flow_control_loop_pipe_sequential_init_U/loop_dataflow_output_count[0]_i_1__12/O
                         net (fo=19, routed)          1.078    10.457                         grp_forward_node21_fu_828/dataflow_in_loop_VITIS_LOOP_752_1_U0_n_41
    SLR Crossing[0->1]   
    SLICE_X151Y300       FDRE                                         r                       grp_forward_node21_fu_828/loop_dataflow_output_count_reg[16]/R
  -------------------------------------------------------------------    ----------------------------------------

                         max delay                    4.800     4.800                         
                                                      0.000     4.800 r                       ap_clk (IN)
                         net (fo=55267, unset)        0.020     4.820                         grp_forward_node21_fu_828/ap_clk
    SLICE_X151Y300       FDRE                                         r                       grp_forward_node21_fu_828/loop_dataflow_output_count_reg[16]/C
                         clock pessimism              0.000     4.820                           
                         inter-SLR compensation      -0.003     4.817                           
                         clock uncertainty           -0.235     4.582                           
    SLICE_X151Y300       FDRE (Setup_GFF2_SLICEL_C_R)
                                                     -0.074     4.508                           grp_forward_node21_fu_828/loop_dataflow_output_count_reg[16]
  -------------------------------------------------------------------
                         required time                          4.508                           
                         arrival time                         -10.457                           
  -------------------------------------------------------------------
                         slack                                 -5.949                           





Min Delay Paths
--------------------------------------------------------------------------------------
Slack (VIOLATED) :        -0.100ns  (arrival time - required time)
  Source:                 grp_forward_node156_fu_532/dataflow_in_loop_VITIS_LOOP_4352_1_U0/dataflow_in_loop_VITIS_LOOP_4352_1_Loop_VITIS_LOOP_4311_1_proc41_U0/tmp_reg_165_reg/DSP_A_B_DATA_INST/CLK
                            (rising edge-triggered cell DSP_A_B_DATA clocked by sys_clk  {rise@0.000ns fall@2.500ns period=5.000ns})
  Destination:            grp_forward_node156_fu_532/dataflow_in_loop_VITIS_LOOP_4352_1_U0/dataflow_in_loop_VITIS_LOOP_4352_1_Loop_VITIS_LOOP_4311_1_proc41_U0/tmp_reg_165_reg/DSP_M_DATA_INST/U[10]
                            (rising edge-triggered cell DSP_M_DATA clocked by sys_clk  {rise@0.000ns fall@2.500ns period=5.000ns})
  Path Group:             sys_clk
  Path Type:              Hold (Min at Fast Process Corner)
  Requirement:            0.000ns  (sys_clk rise@0.000ns - sys_clk rise@0.000ns)
  Data Path Delay:        0.174ns  (logic 0.174ns (100.000%)  route 0.000ns (0.000%))
  Logic Levels:           2  (DSP_MULTIPLIER=1 DSP_PREADD_DATA=1)
  Clock Path Skew:        0.011ns (DCD - SCD - CPR)
    Destination Clock Delay (DCD):    0.041ns
    Source Clock Delay      (SCD):    0.030ns
    Clock Pessimism Removal (CPR):    -0.000ns
  Clock Uncertainty:      0.200ns  ((TSJ^2 + TIJ^2)^1/2 + DJ) / 2 + PE + UU
    Total System Jitter     (TSJ):    0.000ns
    Total Input Jitter      (TIJ):    0.000ns
    Discrete Jitter          (DJ):    0.000ns
    Phase Error              (PE):    0.000ns
    User Uncertainty         (UU):    0.200ns

    Location             Delay type                Incr(ns)  Path(ns)    PBlock               Netlist Resource(s)
  -------------------------------------------------------------------    ----------------------------------------
                         (clock sys_clk rise edge)    0.000     0.000 r                       
                                                      0.000     0.000 r                       ap_clk (IN)
                         net (fo=55267, unset)        0.030     0.030                         grp_forward_node156_fu_532/dataflow_in_loop_VITIS_LOOP_4352_1_U0/dataflow_in_loop_VITIS_LOOP_4352_1_Loop_VITIS_LOOP_4311_1_proc41_U0/tmp_reg_165_reg/CLK
    DSP48E2_X22Y152      DSP_A_B_DATA                                 r  pblock_partition_1   grp_forward_node156_fu_532/dataflow_in_loop_VITIS_LOOP_4352_1_U0/dataflow_in_loop_VITIS_LOOP_4352_1_Loop_VITIS_LOOP_4311_1_proc41_U0/tmp_reg_165_reg/DSP_A_B_DATA_INST/CLK
  -------------------------------------------------------------------    ----------------------------------------
    DSP48E2_X22Y152      DSP_A_B_DATA (Prop_DSP_A_B_DATA_DSP48E2_CLK_A2_DATA[9])
                                                      0.089     0.119 r  pblock_partition_1   grp_forward_node156_fu_532/dataflow_in_loop_VITIS_LOOP_4352_1_U0/dataflow_in_loop_VITIS_LOOP_4352_1_Loop_VITIS_LOOP_4311_1_proc41_U0/tmp_reg_165_reg/DSP_A_B_DATA_INST/A2_DATA[9]
                         net (fo=1, routed)           0.000     0.119                         grp_forward_node156_fu_532/dataflow_in_loop_VITIS_LOOP_4352_1_U0/dataflow_in_loop_VITIS_LOOP_4352_1_Loop_VITIS_LOOP_4311_1_proc41_U0/tmp_reg_165_reg/DSP_A_B_DATA.A2_DATA<9>
    DSP48E2_X22Y152      DSP_PREADD_DATA (Prop_DSP_PREADD_DATA_DSP48E2_A2_DATA[9]_A2A1[9])
                                                      0.019     0.138 r  pblock_partition_1   grp_forward_node156_fu_532/dataflow_in_loop_VITIS_LOOP_4352_1_U0/dataflow_in_loop_VITIS_LOOP_4352_1_Loop_VITIS_LOOP_4311_1_proc41_U0/tmp_reg_165_reg/DSP_PREADD_DATA_INST/A2A1[9]
                         net (fo=1, routed)           0.000     0.138                         grp_forward_node156_fu_532/dataflow_in_loop_VITIS_LOOP_4352_1_U0/dataflow_in_loop_VITIS_LOOP_4352_1_Loop_VITIS_LOOP_4311_1_proc41_U0/tmp_reg_165_reg/DSP_PREADD_DATA.A2A1<9>
    DSP48E2_X22Y152      DSP_MULTIPLIER (Prop_DSP_MULTIPLIER_DSP48E2_A2A1[9]_U[10])
                                                      0.066     0.204 r  pblock_partition_1   grp_forward_node156_fu_532/dataflow_in_loop_VITIS_LOOP_4352_1_U0/dataflow_in_loop_VITIS_LOOP_4352_1_Loop_VITIS_LOOP_4311_1_proc41_U0/tmp_reg_165_reg/DSP_MULTIPLIER_INST/U[10]
                         net (fo=1, routed)           0.000     0.204                         grp_forward_node156_fu_532/dataflow_in_loop_VITIS_LOOP_4352_1_U0/dataflow_in_loop_VITIS_LOOP_4352_1_Loop_VITIS_LOOP_4311_1_proc41_U0/tmp_reg_165_reg/DSP_MULTIPLIER.U<10>
    DSP48E2_X22Y152      DSP_M_DATA                                   r  pblock_partition_1   grp_forward_node156_fu_532/dataflow_in_loop_VITIS_LOOP_4352_1_U0/dataflow_in_loop_VITIS_LOOP_4352_1_Loop_VITIS_LOOP_4311_1_proc41_U0/tmp_reg_165_reg/DSP_M_DATA_INST/U[10]
  -------------------------------------------------------------------    ----------------------------------------

                         (clock sys_clk rise edge)    0.000     0.000 r                       
                                                      0.000     0.000 r                       ap_clk (IN)
                         net (fo=55267, unset)        0.041     0.041                         grp_forward_node156_fu_532/dataflow_in_loop_VITIS_LOOP_4352_1_U0/dataflow_in_loop_VITIS_LOOP_4352_1_Loop_VITIS_LOOP_4311_1_proc41_U0/tmp_reg_165_reg/CLK
    DSP48E2_X22Y152      DSP_M_DATA                                   r  pblock_partition_1   grp_forward_node156_fu_532/dataflow_in_loop_VITIS_LOOP_4352_1_U0/dataflow_in_loop_VITIS_LOOP_4352_1_Loop_VITIS_LOOP_4311_1_proc41_U0/tmp_reg_165_reg/DSP_M_DATA_INST/CLK
                         clock pessimism              0.000     0.041                           
                         clock uncertainty            0.200     0.241                           
    DSP48E2_X22Y152      DSP_M_DATA (Hold_DSP_M_DATA_DSP48E2_CLK_U[10])
                                                      0.063     0.304    pblock_partition_1     grp_forward_node156_fu_532/dataflow_in_loop_VITIS_LOOP_4352_1_U0/dataflow_in_loop_VITIS_LOOP_4352_1_Loop_VITIS_LOOP_4311_1_proc41_U0/tmp_reg_165_reg/DSP_M_DATA_INST
  -------------------------------------------------------------------
                         required time                         -0.304                           
                         arrival time                           0.204                           
  -------------------------------------------------------------------
                         slack                                 -0.100                           





Pulse Width Checks
--------------------------------------------------------------------------------------
Clock Name:         sys_clk
Waveform(ns):       { 0.000 2.500 }
Period(ns):         5.000
Sources:            { ap_clk }

Check Type        Corner  Lib Pin      Reference Pin  Required(ns)  Actual(ns)  Slack(ns)  Location        Pin
Min Period        n/a     RAMD64E/CLK  n/a            1.064         5.000       3.936      SLICE_X146Y386  grp_forward_node0_fu_894/dataflow_in_loop_VITIS_LOOP_102_1_U0/dataflow_in_loop_VITIS_LOOP_102_1_Loop_VITIS_LOOP_31_1_proc_U0/v46_1_U/ram_reg_0_63_0_6/RAMA/CLK
Low Pulse Width   Slow    RAMD64E/CLK  n/a            0.532         2.500       1.968      SLICE_X146Y386  grp_forward_node0_fu_894/dataflow_in_loop_VITIS_LOOP_102_1_U0/dataflow_in_loop_VITIS_LOOP_102_1_Loop_VITIS_LOOP_31_1_proc_U0/v46_1_U/ram_reg_0_63_0_6/RAMA/CLK
High Pulse Width  Slow    RAMD64E/CLK  n/a            0.532         2.500       1.968      SLICE_X146Y386  grp_forward_node0_fu_894/dataflow_in_loop_VITIS_LOOP_102_1_U0/dataflow_in_loop_VITIS_LOOP_102_1_Loop_VITIS_LOOP_31_1_proc_U0/v46_1_U/ram_reg_0_63_0_6/RAMA/CLK



