Copyright 1986-2022 Xilinx, Inc. All Rights Reserved. Copyright 2022-2023 Advanced Micro Devices, Inc. All Rights Reserved.
---------------------------------------------------------------------------------------------------------------------------------------------
| Tool Version : Vivado v.2023.2 (win64) Build 4029153 Fri Oct 13 20:14:34 MDT 2023
| Date         : Sun Dec  7 04:07:30 2025
| Host         : DESKTOP-1ORS7G9 running 64-bit major release  (build 9200)
| Command      : report_utilization -slr -file utilization_slr.rpt
| Design       : forward
| Device       : xcvu37p-fsvh2892-2L-e
| Speed File   : -2L
| Design State : Routed
---------------------------------------------------------------------------------------------------------------------------------------------

Utilization Design Information

Table of Contents
-----------------
1. SLR Connectivity
2. SLR Connectivity Matrix
3. SLR CLB Logic and Dedicated Block Utilization
4. SLR IO Utilization

1. SLR Connectivity
-------------------

+----------------------------------+------+-------+-----------+-------+
|                                  | Used | Fixed | Available | Util% |
+----------------------------------+------+-------+-----------+-------+
| SLR2 <-> SLR1                    |  245 |       |     23040 |  1.06 |
|   SLR1 -> SLR2                   |  132 |       |           |  0.57 |
|     Using TX_REG only            |    0 |     0 |           |       |
|     Using RX_REG only            |    0 |     0 |           |       |
|     Using Both TX_REG and RX_REG |    0 |     0 |           |       |
|   SLR2 -> SLR1                   |  113 |       |           |  0.49 |
|     Using TX_REG only            |    0 |     0 |           |       |
|     Using RX_REG only            |    0 |     0 |           |       |
|     Using Both TX_REG and RX_REG |    0 |     0 |           |       |
| SLR1 <-> SLR0                    |   80 |       |     23040 |  0.35 |
|   SLR0 -> SLR1                   |   18 |       |           |  0.08 |
|     Using TX_REG only            |    0 |     0 |           |       |
|     Using RX_REG only            |    0 |     0 |           |       |
|     Using Both TX_REG and RX_REG |    0 |     0 |           |       |
|   SLR1 -> SLR0                   |   62 |       |           |  0.27 |
|     Using TX_REG only            |    0 |     0 |           |       |
|     Using RX_REG only            |    0 |     0 |           |       |
|     Using Both TX_REG and RX_REG |    0 |     0 |           |       |
+----------------------------------+------+-------+-----------+-------+
| Total SLLs Used                  |  325 |       |           |       |
+----------------------------------+------+-------+-----------+-------+


2. SLR Connectivity Matrix
--------------------------

+-----------+------+------+------+
| FROM \ TO | SLR2 | SLR1 | SLR0 |
+-----------+------+------+------+
| SLR2      |    0 |  108 |    5 |
| SLR1      |  127 |    0 |   57 |
| SLR0      |    5 |   13 |    0 |
+-----------+------+------+------+


3. SLR CLB Logic and Dedicated Block Utilization
------------------------------------------------

+----------------------------+------+-------+-------+--------+--------+--------+
|          Site Type         | SLR0 |  SLR1 |  SLR2 | SLR0 % | SLR1 % | SLR2 % |
+----------------------------+------+-------+-------+--------+--------+--------+
| CLB                        |  996 |  5961 |  2460 |   1.81 |  11.04 |   4.56 |
|   CLBL                     |  532 |  3130 |  1337 |   1.82 |  10.69 |   4.57 |
|   CLBM                     |  464 |  2831 |  1123 |   1.81 |  11.45 |   4.54 |
| CLB LUTs                   | 4320 | 25796 | 10711 |   0.98 |   5.97 |   2.48 |
|   LUT as Logic             | 3897 | 22730 |  9705 |   0.89 |   5.26 |   2.25 |
|     using O5 output only   |   80 |   518 |   223 |   0.02 |   0.12 |   0.05 |
|     using O6 output only   | 2627 | 14086 |  6329 |   0.60 |   3.26 |   1.47 |
|     using O5 and O6        | 1190 |  8126 |  3153 |   0.27 |   1.88 |   0.73 |
|   LUT as Memory            |  423 |  3066 |  1006 |   0.21 |   1.55 |   0.51 |
|     LUT as Distributed RAM |  416 |  2960 |   968 |   0.20 |   1.50 |   0.49 |
|       using O5 output only |    0 |     0 |     0 |   0.00 |   0.00 |   0.00 |
|       using O6 output only |    0 |   240 |     0 |   0.00 |   0.12 |   0.00 |
|       using O5 and O6      |  416 |  2720 |   968 |   0.20 |   1.38 |   0.49 |
|     LUT as Shift Register  |    7 |   106 |    38 |  <0.01 |   0.05 |   0.02 |
|       using O5 output only |    0 |     0 |     0 |   0.00 |   0.00 |   0.00 |
|       using O6 output only |    7 |    91 |    38 |  <0.01 |   0.05 |   0.02 |
|       using O5 and O6      |    0 |    15 |     0 |   0.00 |  <0.01 |   0.00 |
| CLB Registers              | 4666 | 28561 | 10997 |   0.53 |   3.31 |   1.27 |
| CARRY8                     |  203 |   977 |   487 |   0.37 |   1.81 |   0.90 |
| F7 Muxes                   |   16 |   193 |    72 |  <0.01 |   0.09 |   0.03 |
| F8 Muxes                   |    0 |    16 |     0 |   0.00 |   0.01 |   0.00 |
| F9 Muxes                   |    0 |     0 |     0 |   0.00 |   0.00 |   0.00 |
| Block RAM Tile             |    0 |     0 |     0 |   0.00 |   0.00 |   0.00 |
|   RAMB36/FIFO              |    0 |     0 |     0 |   0.00 |   0.00 |   0.00 |
|   RAMB18                   |    0 |     0 |     0 |   0.00 |   0.00 |   0.00 |
| URAM                       |    0 |     0 |     0 |   0.00 |   0.00 |   0.00 |
| DSPs                       |   36 |   355 |   111 |   1.25 |  11.56 |   3.61 |
| Unique Control Sets        |  339 |  1992 |   785 |   0.31 |   1.84 |   0.73 |
+----------------------------+------+-------+-------+--------+--------+--------+
* Note: Available Control Sets based on CLB Registers / 8


4. SLR IO Utilization
---------------------

+-----------+-----------+---------+------------+----------+------------+----------+-----+
| SLR Index | Used IOBs | (%)IOBs | Used IPADs | (%)IPADs | Used OPADs | (%)OPADs | GTs |
+-----------+-----------+---------+------------+----------+------------+----------+-----+
| SLR2      |         0 |    0.00 |          0 |     0.00 |          0 |     0.00 |   0 |
| SLR1      |         0 |    0.00 |          0 |     0.00 |          0 |     0.00 |   0 |
| SLR0      |         0 |    0.00 |          0 |     0.00 |          0 |     0.00 |   0 |
+-----------+-----------+---------+------------+----------+------------+----------+-----+
| Total     |         0 |         |          0 |          |          0 |          |   0 |
+-----------+-----------+---------+------------+----------+------------+----------+-----+


