Copyright 1986-2022 Xilinx, Inc. All Rights Reserved. Copyright 2022-2023 Advanced Micro Devices, Inc. All Rights Reserved.
---------------------------------------------------------------------------------------------------------------------------------------------
| Tool Version : Vivado v.2023.2 (win64) Build 4029153 Fri Oct 13 20:14:34 MDT 2023
| Date         : Mon Dec  8 01:07:08 2025
| Host         : DESKTOP-1ORS7G9 running 64-bit major release  (build 9200)
| Command      : report_design_analysis -congestion -file congestion.rpt
| Design       : forward
| Device       : xcvu37p
| Design State : Routed
---------------------------------------------------------------------------------------------------------------------------------------------

Report Design Analysis

Table of Contents
-----------------
1. Placer Final Level Congestion Reporting
2. Router Initial Congestion
3. SLR Net Crossing Reporting

1. Placer Final Level Congestion Reporting
------------------------------------------

+-----------+------+-------+--------+---------------+---------------+-----+--------+------+------+------+------+-----+-------+-----+------------+
| Direction | Type | Level | Window | Combined LUTs | Avg LUT Input | LUT | LUTRAM | Flop | MUXF | RAMB | URAM | DSP | CARRY | SRL | Cell Names |
+-----------+------+-------+--------+---------------+---------------+-----+--------+------+------+------+------+-----+-------+-----+------------+
* No congestion windows are found above level 5


2. Router Initial Congestion
----------------------------

+-----------+------+-------+--------+---------------+---------------+-----+--------+------+------+------+------+-----+-------+-----+------------+-------------+
| Direction | Type | Level | Window | Combined LUTs | Avg LUT Input | LUT | LUTRAM | Flop | MUXF | RAMB | URAM | DSP | CARRY | SRL | Cell Names | Sub Windows |
+-----------+------+-------+--------+---------------+---------------+-----+--------+------+------+------+------+-----+-------+-----+------------+-------------+
* No effective congestion windows are found above level 5


3. SLR Net Crossing Reporting
-----------------------------

+----------------------------------------------------+-----------------------------+-------------+-------------+-------------+
|                     Cell Names                     | Number of Nets crossing SLR | 0 - 1 Cuts  | 0 - 2 Cuts  | 1 - 2 Cuts  |
+----------------------------------------------------+-----------------------------+-------------+-------------+-------------+
| ap_CS_fsm_reg[0]                                   | 2                           | 0           | 0           | 2           |
| ap_CS_fsm_reg[1]                                   | 1                           | 0           | 0           | 1           |
| ap_sync_reg_grp_forward_node106_fu_658_ap_done_reg | 1                           | 0           | 0           | 1           |
| grp_forward_node0_fu_894                           | 2                           | 0           | 0           | 2           |
| grp_forward_node113_fu_624                         | 1                           | 0           | 0           | 1           |
| grp_forward_node140_fu_568                         | 1                           | 0           | 0           | 1           |
| grp_forward_node156_fu_532                         | 1                           | 0           | 0           | 1           |
| grp_forward_node37_fu_796                          | 1                           | 0           | 0           | 1           |
| grp_forward_node44_fu_780                          | 1                           | 0           | 0           | 1           |
| grp_forward_node52_fu_766                          | 1                           | 0           | 0           | 1           |
+----------------------------------------------------+-----------------------------+-------------+-------------+-------------+


