Copyright 1986-2022 Xilinx, Inc. All Rights Reserved. Copyright 2022-2023 Advanced Micro Devices, Inc. All Rights Reserved.
---------------------------------------------------------------------------------------------------------------------------------------------
| Tool Version : Vivado v.2023.2 (win64) Build 4029153 Fri Oct 13 20:14:34 MDT 2023
| Date         : Mon Dec  8 01:06:37 2025
| Host         : DESKTOP-1ORS7G9 running 64-bit major release  (build 9200)
| Command      : report_utilization -slr -file utilization_slr.rpt
| Design       : forward
| Device       : xcvu37p-fsvh2892-2L-e
| Speed File   : -2L
| Design State : Routed
---------------------------------------------------------------------------------------------------------------------------------------------

Utilization Design Information

Table of Contents
-----------------
1. SLR Connectivity
2. SLR Connectivity Matrix
3. SLR CLB Logic and Dedicated Block Utilization
4. SLR IO Utilization

1. SLR Connectivity
-------------------

+----------------------------------+------+-------+-----------+-------+
|                                  | Used | Fixed | Available | Util% |
+----------------------------------+------+-------+-----------+-------+
| SLR2 <-> SLR1                    |   12 |       |     23040 |  0.05 |
|   SLR1 -> SLR2                   |    3 |       |           |  0.01 |
|     Using TX_REG only            |    0 |     0 |           |       |
|     Using RX_REG only            |    0 |     0 |           |       |
|     Using Both TX_REG and RX_REG |    0 |     0 |           |       |
|   SLR2 -> SLR1                   |    9 |       |           |  0.04 |
|     Using TX_REG only            |    0 |     0 |           |       |
|     Using RX_REG only            |    0 |     0 |           |       |
|     Using Both TX_REG and RX_REG |    0 |     0 |           |       |
| SLR1 <-> SLR0                    |    0 |       |     23040 |  0.00 |
|   SLR0 -> SLR1                   |    0 |       |           |  0.00 |
|     Using TX_REG only            |    0 |     0 |           |       |
|     Using RX_REG only            |    0 |     0 |           |       |
|     Using Both TX_REG and RX_REG |    0 |     0 |           |       |
|   SLR1 -> SLR0                   |    0 |       |           |  0.00 |
|     Using TX_REG only            |    0 |     0 |           |       |
|     Using RX_REG only            |    0 |     0 |           |       |
|     Using Both TX_REG and RX_REG |    0 |     0 |           |       |
+----------------------------------+------+-------+-----------+-------+
| Total SLLs Used                  |   12 |       |           |       |
+----------------------------------+------+-------+-----------+-------+


2. SLR Connectivity Matrix
--------------------------

+-----------+------+------+------+
| FROM \ TO | SLR2 | SLR1 | SLR0 |
+-----------+------+------+------+
| SLR2      |    0 |    9 |    0 |
| SLR1      |    3 |    0 |    0 |
| SLR0      |    0 |    0 |    0 |
+-----------+------+------+------+


3. SLR CLB Logic and Dedicated Block Utilization
------------------------------------------------

+----------------------------+------+------+-------+--------+--------+--------+
|          Site Type         | SLR0 | SLR1 |  SLR2 | SLR0 % | SLR1 % | SLR2 % |
+----------------------------+------+------+-------+--------+--------+--------+
| CLB                        |    0 |  371 |  8958 |   0.00 |   0.69 |  16.59 |
|   CLBL                     |    0 |  217 |  4765 |   0.00 |   0.74 |  16.27 |
|   CLBM                     |    0 |  154 |  4193 |   0.00 |   0.62 |  16.96 |
| CLB LUTs                   |    0 | 1579 | 39085 |   0.00 |   0.37 |   9.05 |
|   LUT as Logic             |    0 | 1427 | 34742 |   0.00 |   0.33 |   8.04 |
|   LUT as Memory            |    0 |  152 |  4343 |   0.00 |   0.08 |   2.20 |
|     LUT as Distributed RAM |    0 |  144 |  4200 |   0.00 |   0.07 |   2.12 |
|     LUT as Shift Register  |    0 |    8 |   143 |   0.00 |  <0.01 |   0.07 |
| CLB Registers              |    0 | 1973 | 42248 |   0.00 |   0.23 |   4.89 |
| CARRY8                     |    0 |   48 |  1619 |   0.00 |   0.09 |   3.00 |
| F7 Muxes                   |    0 |   16 |   265 |   0.00 |  <0.01 |   0.12 |
| F8 Muxes                   |    0 |    0 |    16 |   0.00 |   0.00 |   0.01 |
| F9 Muxes                   |    0 |    0 |     0 |   0.00 |   0.00 |   0.00 |
| Block RAM Tile             |    0 |    0 |     0 |   0.00 |   0.00 |   0.00 |
|   RAMB36/FIFO              |    0 |    0 |     0 |   0.00 |   0.00 |   0.00 |
|   RAMB18                   |    0 |    0 |     0 |   0.00 |   0.00 |   0.00 |
| URAM                       |    0 |    0 |     0 |   0.00 |   0.00 |   0.00 |
| DSPs                       |    0 |   34 |   468 |   0.00 |   1.11 |  15.23 |
| Unique Control Sets        |    0 |  124 |  2989 |   0.00 |   0.11 |   2.77 |
+----------------------------+------+------+-------+--------+--------+--------+
* Note: Available Control Sets based on CLB Registers / 8


4. SLR IO Utilization
---------------------

+-----------+-----------+---------+------------+----------+------------+----------+-----+
| SLR Index | Used IOBs | (%)IOBs | Used IPADs | (%)IPADs | Used OPADs | (%)OPADs | GTs |
+-----------+-----------+---------+------------+----------+------------+----------+-----+
| SLR2      |         0 |    0.00 |          0 |     0.00 |          0 |     0.00 |   0 |
| SLR1      |         0 |    0.00 |          0 |     0.00 |          0 |     0.00 |   0 |
| SLR0      |         0 |    0.00 |          0 |     0.00 |          0 |     0.00 |   0 |
+-----------+-----------+---------+------------+----------+------------+----------+-----+
| Total     |         0 |         |          0 |          |          0 |          |   0 |
+-----------+-----------+---------+------------+----------+------------+----------+-----+


