Copyright 1986-2022 Xilinx, Inc. All Rights Reserved. Copyright 2022-2023 Advanced Micro Devices, Inc. All Rights Reserved.
---------------------------------------------------------------------------------------------------------------------------------------------
| Tool Version : Vivado v.2023.2 (win64) Build 4029153 Fri Oct 13 20:14:34 MDT 2023
| Date         : Sun Dec  7 02:04:22 2025
| Host         : DESKTOP-1ORS7G9 running 64-bit major release  (build 9200)
| Command      : report_utilization -slr -file utilization_slr.rpt
| Design       : forward
| Device       : xcvu37p-fsvh2892-2L-e
| Speed File   : -2L
| Design State : Routed
---------------------------------------------------------------------------------------------------------------------------------------------

Utilization Design Information

Table of Contents
-----------------
1. SLR Connectivity
2. SLR Connectivity Matrix
3. SLR CLB Logic and Dedicated Block Utilization
4. SLR IO Utilization

1. SLR Connectivity
-------------------

+----------------------------------+------+-------+-----------+-------+
|                                  | Used | Fixed | Available | Util% |
+----------------------------------+------+-------+-----------+-------+
| SLR2 <-> SLR1                    |    0 |       |     23040 |  0.00 |
|   SLR1 -> SLR2                   |    0 |       |           |  0.00 |
|     Using TX_REG only            |    0 |     0 |           |       |
|     Using RX_REG only            |    0 |     0 |           |       |
|     Using Both TX_REG and RX_REG |    0 |     0 |           |       |
|   SLR2 -> SLR1                   |    0 |       |           |  0.00 |
|     Using TX_REG only            |    0 |     0 |           |       |
|     Using RX_REG only            |    0 |     0 |           |       |
|     Using Both TX_REG and RX_REG |    0 |     0 |           |       |
| SLR1 <-> SLR0                    |    0 |       |     23040 |  0.00 |
|   SLR0 -> SLR1                   |    0 |       |           |  0.00 |
|     Using TX_REG only            |    0 |     0 |           |       |
|     Using RX_REG only            |    0 |     0 |           |       |
|     Using Both TX_REG and RX_REG |    0 |     0 |           |       |
|   SLR1 -> SLR0                   |    0 |       |           |  0.00 |
|     Using TX_REG only            |    0 |     0 |           |       |
|     Using RX_REG only            |    0 |     0 |           |       |
|     Using Both TX_REG and RX_REG |    0 |     0 |           |       |
+----------------------------------+------+-------+-----------+-------+
| Total SLLs Used                  |    0 |       |           |       |
+----------------------------------+------+-------+-----------+-------+


2. SLR Connectivity Matrix
--------------------------

+-----------+------+------+------+
| FROM \ TO | SLR2 | SLR1 | SLR0 |
+-----------+------+------+------+
| SLR2      |    0 |    0 |    0 |
| SLR1      |    0 |    0 |    0 |
| SLR0      |    0 |    0 |    0 |
+-----------+------+------+------+


3. SLR CLB Logic and Dedicated Block Utilization
------------------------------------------------

+----------------------------+-------+------+------+--------+--------+--------+
|          Site Type         |  SLR0 | SLR1 | SLR2 | SLR0 % | SLR1 % | SLR2 % |
+----------------------------+-------+------+------+--------+--------+--------+
| CLB                        |  9200 |    0 |    0 |  16.74 |   0.00 |   0.00 |
|   CLBL                     |  4825 |    0 |    0 |  16.48 |   0.00 |   0.00 |
|   CLBM                     |  4375 |    0 |    0 |  17.04 |   0.00 |   0.00 |
| CLB LUTs                   | 40664 |    0 |    0 |   9.25 |   0.00 |   0.00 |
|   LUT as Logic             | 36169 |    0 |    0 |   8.23 |   0.00 |   0.00 |
|   LUT as Memory            |  4495 |    0 |    0 |   2.19 |   0.00 |   0.00 |
|     LUT as Distributed RAM |  4344 |    0 |    0 |   2.11 |   0.00 |   0.00 |
|     LUT as Shift Register  |   151 |    0 |    0 |   0.07 |   0.00 |   0.00 |
| CLB Registers              | 44221 |    0 |    0 |   5.03 |   0.00 |   0.00 |
| CARRY8                     |  1667 |    0 |    0 |   3.03 |   0.00 |   0.00 |
| F7 Muxes                   |   281 |    0 |    0 |   0.13 |   0.00 |   0.00 |
| F8 Muxes                   |    16 |    0 |    0 |   0.01 |   0.00 |   0.00 |
| F9 Muxes                   |     0 |    0 |    0 |   0.00 |   0.00 |   0.00 |
| Block RAM Tile             |     0 |    0 |    0 |   0.00 |   0.00 |   0.00 |
|   RAMB36/FIFO              |     0 |    0 |    0 |   0.00 |   0.00 |   0.00 |
|   RAMB18                   |     0 |    0 |    0 |   0.00 |   0.00 |   0.00 |
| URAM                       |     0 |    0 |    0 |   0.00 |   0.00 |   0.00 |
| DSPs                       |   502 |    0 |    0 |  17.43 |   0.00 |   0.00 |
| Unique Control Sets        |  3110 |    0 |    0 |   2.83 |   0.00 |   0.00 |
+----------------------------+-------+------+------+--------+--------+--------+
* Note: Available Control Sets based on CLB Registers / 8


4. SLR IO Utilization
---------------------

+-----------+-----------+---------+------------+----------+------------+----------+-----+
| SLR Index | Used IOBs | (%)IOBs | Used IPADs | (%)IPADs | Used OPADs | (%)OPADs | GTs |
+-----------+-----------+---------+------------+----------+------------+----------+-----+
| SLR2      |         0 |    0.00 |          0 |     0.00 |          0 |     0.00 |   0 |
| SLR1      |         0 |    0.00 |          0 |     0.00 |          0 |     0.00 |   0 |
| SLR0      |         0 |    0.00 |          0 |     0.00 |          0 |     0.00 |   0 |
+-----------+-----------+---------+------------+----------+------------+----------+-----+
| Total     |         0 |         |          0 |          |          0 |          |   0 |
+-----------+-----------+---------+------------+----------+------------+----------+-----+


