Copyright 1986-2022 Xilinx, Inc. All Rights Reserved. Copyright 2022-2023 Advanced Micro Devices, Inc. All Rights Reserved.
---------------------------------------------------------------------------------------------------------------------------------------------
| Tool Version : Vivado v.2023.2 (win64) Build 4029153 Fri Oct 13 20:14:34 MDT 2023
| Date         : Mon Dec  8 04:42:24 2025
| Host         : DESKTOP-1ORS7G9 running 64-bit major release  (build 9200)
| Command      : report_utilization -slr -file utilization_slr.rpt
| Design       : forward
| Device       : xcvu37p-fsvh2892-2L-e
| Speed File   : -2L
| Design State : Routed
---------------------------------------------------------------------------------------------------------------------------------------------

Utilization Design Information

Table of Contents
-----------------
1. SLR Connectivity
2. SLR Connectivity Matrix
3. SLR CLB Logic and Dedicated Block Utilization
4. SLR IO Utilization

1. SLR Connectivity
-------------------

+----------------------------------+------+-------+-----------+-------+
|                                  | Used | Fixed | Available | Util% |
+----------------------------------+------+-------+-----------+-------+
| SLR2 <-> SLR1                    |  233 |       |     23040 |  1.01 |
|   SLR1 -> SLR2                   |  121 |       |           |  0.53 |
|     Using TX_REG only            |    0 |     0 |           |       |
|     Using RX_REG only            |    0 |     0 |           |       |
|     Using Both TX_REG and RX_REG |    0 |     0 |           |       |
|   SLR2 -> SLR1                   |  112 |       |           |  0.49 |
|     Using TX_REG only            |    0 |     0 |           |       |
|     Using RX_REG only            |    0 |     0 |           |       |
|     Using Both TX_REG and RX_REG |    0 |     0 |           |       |
| SLR1 <-> SLR0                    |    0 |       |     23040 |  0.00 |
|   SLR0 -> SLR1                   |    0 |       |           |  0.00 |
|     Using TX_REG only            |    0 |     0 |           |       |
|     Using RX_REG only            |    0 |     0 |           |       |
|     Using Both TX_REG and RX_REG |    0 |     0 |           |       |
|   SLR1 -> SLR0                   |    0 |       |           |  0.00 |
|     Using TX_REG only            |    0 |     0 |           |       |
|     Using RX_REG only            |    0 |     0 |           |       |
|     Using Both TX_REG and RX_REG |    0 |     0 |           |       |
+----------------------------------+------+-------+-----------+-------+
| Total SLLs Used                  |  233 |       |           |       |
+----------------------------------+------+-------+-----------+-------+


2. SLR Connectivity Matrix
--------------------------

+-----------+------+------+------+
| FROM \ TO | SLR2 | SLR1 | SLR0 |
+-----------+------+------+------+
| SLR2      |    0 |  112 |    0 |
| SLR1      |  121 |    0 |    0 |
| SLR0      |    0 |    0 |    0 |
+-----------+------+------+------+


3. SLR CLB Logic and Dedicated Block Utilization
------------------------------------------------

+----------------------------+------+------+-------+--------+--------+--------+
|          Site Type         | SLR0 | SLR1 |  SLR2 | SLR0 % | SLR1 % | SLR2 % |
+----------------------------+------+------+-------+--------+--------+--------+
| CLB                        |    0 | 2188 |  6944 |   0.00 |   4.05 |  12.86 |
|   CLBL                     |    0 | 1174 |  3645 |   0.00 |   4.01 |  12.45 |
|   CLBM                     |    0 | 1014 |  3299 |   0.00 |   4.10 |  13.35 |
| CLB LUTs                   |    0 | 9449 | 31276 |   0.00 |   2.19 |   7.24 |
|   LUT as Logic             |    0 | 8349 | 27881 |   0.00 |   1.93 |   6.45 |
|   LUT as Memory            |    0 | 1100 |  3395 |   0.00 |   0.56 |   1.72 |
|     LUT as Distributed RAM |    0 | 1064 |  3280 |   0.00 |   0.54 |   1.66 |
|     LUT as Shift Register  |    0 |   36 |   115 |   0.00 |   0.02 |   0.06 |
| CLB Registers              |    0 | 9689 | 34532 |   0.00 |   1.12 |   4.00 |
| CARRY8                     |    0 |  468 |  1199 |   0.00 |   0.87 |   2.22 |
| F7 Muxes                   |    0 |   64 |   217 |   0.00 |   0.03 |   0.10 |
| F8 Muxes                   |    0 |    0 |    16 |   0.00 |   0.00 |   0.01 |
| F9 Muxes                   |    0 |    0 |     0 |   0.00 |   0.00 |   0.00 |
| Block RAM Tile             |    0 |    0 |     0 |   0.00 |   0.00 |   0.00 |
|   RAMB36/FIFO              |    0 |    0 |     0 |   0.00 |   0.00 |   0.00 |
|   RAMB18                   |    0 |    0 |     0 |   0.00 |   0.00 |   0.00 |
| URAM                       |    0 |    0 |     0 |   0.00 |   0.00 |   0.00 |
| DSPs                       |    0 |  104 |   398 |   0.00 |   3.39 |  12.96 |
| Unique Control Sets        |    0 |  698 |  2415 |   0.00 |   0.65 |   2.24 |
+----------------------------+------+------+-------+--------+--------+--------+
* Note: Available Control Sets based on CLB Registers / 8


4. SLR IO Utilization
---------------------

+-----------+-----------+---------+------------+----------+------------+----------+-----+
| SLR Index | Used IOBs | (%)IOBs | Used IPADs | (%)IPADs | Used OPADs | (%)OPADs | GTs |
+-----------+-----------+---------+------------+----------+------------+----------+-----+
| SLR2      |         0 |    0.00 |          0 |     0.00 |          0 |     0.00 |   0 |
| SLR1      |         0 |    0.00 |          0 |     0.00 |          0 |     0.00 |   0 |
| SLR0      |         0 |    0.00 |          0 |     0.00 |          0 |     0.00 |   0 |
+-----------+-----------+---------+------------+----------+------------+----------+-----+
| Total     |         0 |         |          0 |          |          0 |          |   0 |
+-----------+-----------+---------+------------+----------+------------+----------+-----+


